INFO  2026-07-10 14:53:18,482 serena.cli:health_check:939 - Starting health check for project: C:\Users\samar\OneDrive\Desktop\Faculty Appraisal Project\DirectorAppraisal\director-appraisal
INFO  2026-07-10 14:53:18,483 serena.cli:health_check:943 - Creating SerenaAgent with disabled dashboard...
INFO  2026-07-10 14:53:18,483 serena.util.file_system:_load_gitignore_files:152 - Processing .gitignore file: C:\Users\samar\OneDrive\Desktop\Faculty Appraisal Project\DirectorAppraisal\director-appraisal\.serena\.gitignore
INFO  2026-07-10 14:53:18,495 serena.util.file_system:stop:336 - Loading of .gitignore files completed in 0.016 seconds
INFO  2026-07-10 14:53:18,496 serena.project:stop:336 - Gathering ignore spec for project director-appraisal completed in 0.017 seconds
INFO  2026-07-10 14:53:18,589 serena.agent:__init__:610 - Will record tool usage statistics with token count estimator: CHAR_COUNT.
INFO  2026-07-10 14:53:18,618 serena.agent:__init__:614 - Starting Serena server (version=1.5.3, process id=8940, parent process id=11656; language backend=LSP); Python version=3.14.6, platform=Windows-11-10.0.26200-SP0
INFO  2026-07-10 14:53:18,618 serena.agent:__init__:618 - Configuration file: C:\Users\samar\.serena\serena_config.yml
INFO  2026-07-10 14:53:18,619 serena.agent:__init__:619 - Available projects: director-appraisal, dypiu-schoolappraisal
INFO  2026-07-10 14:53:18,619 serena.agent:__init__:620 - Loaded tools (51): create_text_file, replace_content, delete_lines, replace_lines, insert_at_line, replace_symbol_body, insert_after_symbol, insert_before_symbol, read_file, list_dir, find_file, search_for_pattern, restart_language_server, get_symbols_overview, find_symbol, find_referencing_symbols, find_implementations, find_declaration, get_diagnostics_for_file, get_diagnostics_for_symbol, rename_symbol, safe_delete_symbol, write_memory, read_memory, list_memories, delete_memory, rename_memory, edit_memory, execute_shell_command, open_dashboard, activate_project, remove_project, get_current_config, onboarding, initial_instructions, serena_info, jet_brains_find_symbol, jet_brains_move, jet_brains_safe_delete, jet_brains_inline_symbol, jet_brains_find_referencing_symbols, jet_brains_get_symbols_overview, jet_brains_type_hierarchy, jet_brains_find_declaration, jet_brains_find_implementations, jet_brains_rename, jet_brains_debug, jet_brains_run_inspections, jet_brains_list_inspections, list_queryable_projects, query_project
INFO  2026-07-10 14:53:18,619 serena.agent:__init__:632 - Using language backend from global configuration: LSP
INFO  2026-07-10 14:53:18,643 serena.config.serena_config:start:329 - Loading project instance for RegisteredProject[project_root=C:\Users\samar\OneDrive\Desktop\Faculty Appraisal Project\DirectorAppraisal\director-appraisal, project_config=ProjectConfig[project_name=director-appraisal]] starting ...
INFO  2026-07-10 14:53:18,643 serena.project:__init__:43 - Serena project data folder: C:\Users\samar\OneDrive\Desktop\Faculty Appraisal Project\DirectorAppraisal\director-appraisal\.serena
INFO  2026-07-10 14:53:18,644 serena.project:start:329 - Gathering ignore spec for project director-appraisal starting ...
INFO  2026-07-10 14:53:18,644 serena.config.serena_config:stop:336 - Loading project instance for RegisteredProject[project_root=C:\Users\samar\OneDrive\Desktop\Faculty Appraisal Project\DirectorAppraisal\director-appraisal, project_config=ProjectConfig[project_name=director-appraisal]] completed in 0.001 seconds
INFO  2026-07-10 14:53:18,644 serena.util.file_system:start:329 - Loading of .gitignore files starting ...
INFO  2026-07-10 14:53:18,644 serena.agent:activate_project_from_path_or_name:1152 - Found registered project 'director-appraisal' at path C:\Users\samar\OneDrive\Desktop\Faculty Appraisal Project\DirectorAppraisal\director-appraisal
INFO  2026-07-10 14:53:18,644 serena.agent:_activate_project:1089 - Activating director-appraisal at C:\Users\samar\OneDrive\Desktop\Faculty Appraisal Project\DirectorAppraisal\director-appraisal
INFO  2026-07-10 14:53:18,644 serena.task_executor:issue_task:192 - Scheduling Task-1:init_language_server_manager
INFO  2026-07-10 14:53:18,644 serena.util.file_system:_load_gitignore_files:152 - Processing .gitignore file: C:\Users\samar\OneDrive\Desktop\Faculty Appraisal Project\DirectorAppraisal\director-appraisal\.gitignore
INFO  2026-07-10 14:53:18,644 serena.agent:_update_active_modes:1018 - Active modes (2): editing, interactive
INFO  2026-07-10 14:53:18,646 serena.util.file_system:_load_gitignore_files:152 - Processing .gitignore file: C:\Users\samar\OneDrive\Desktop\Faculty Appraisal Project\DirectorAppraisal\director-appraisal\.serena\.gitignore
INFO  2026-07-10 14:53:18,649 serena.agent:_create_base_toolset:777 - Number of exposed tools: 28
INFO  2026-07-10 14:53:18,657 serena.agent:__init__:656 - Number of exposed tools: 28. Exposed tools: ['activate_project', 'create_text_file', 'delete_memory', 'edit_memory', 'execute_shell_command', 'find_declaration', 'find_file', 'find_implementations', 'find_referencing_symbols', 'find_symbol', 'get_current_config', 'get_diagnostics_for_file', 'get_symbols_overview', 'initial_instructions', 'insert_after_symbol', 'insert_before_symbol', 'list_dir', 'list_memories', 'onboarding', 'read_file', 'read_memory', 'rename_memory', 'rename_symbol', 'replace_content', 'replace_symbol_body', 'safe_delete_symbol', 'search_for_pattern', 'write_memory']
INFO  2026-07-10 14:53:18,658 serena.agent:_update_active_tools:1036 - Active tools (28): activate_project, create_text_file, delete_memory, edit_memory, execute_shell_command, find_declaration, find_file, find_implementations, find_referencing_symbols, find_symbol, get_current_config, get_diagnostics_for_file, get_symbols_overview, initial_instructions, insert_after_symbol, insert_before_symbol, list_dir, list_memories, onboarding, read_file, read_memory, rename_memory, rename_symbol, replace_content, replace_symbol_body, safe_delete_symbol, search_for_pattern, write_memory
INFO  2026-07-10 14:53:18,669 serena.util.file_system:stop:336 - Loading of .gitignore files completed in 0.026 seconds
INFO  2026-07-10 14:53:18,730 serena.task_executor:_process_task_queue:123 - Starting execution of Task-1:init_language_server_manager
INFO  2026-07-10 14:53:18,731 serena.project:stop:336 - Gathering ignore spec for project director-appraisal completed in 0.087 seconds
INFO  2026-07-10 14:53:18,731 serena.task_executor:start:329 - Task-1:init_language_server_manager starting ...
INFO  2026-07-10 14:53:18,731 serena.agent:start:329 - Language server initialization starting ...
INFO  2026-07-10 14:53:18,731 serena.project:create_language_server_manager:420 - Creating language server manager for C:\Users\samar\OneDrive\Desktop\Faculty Appraisal Project\DirectorAppraisal\director-appraisal
INFO  2026-07-10 14:53:18,731 sensai.util.logging:start:329 - Language server startup (language=java) starting ...
INFO  2026-07-10 14:53:18,732 serena.ls_manager:create_language_server:50 - Creating language server instance for C:\Users\samar\OneDrive\Desktop\Faculty Appraisal Project\DirectorAppraisal\director-appraisal, language=java.
INFO  2026-07-10 14:53:18,750 solidlsp.ls:_load_raw_document_symbols_cache:2992 - Loading document symbols cache from C:\Users\samar\OneDrive\Desktop\Faculty Appraisal Project\DirectorAppraisal\director-appraisal\.serena\cache\java\raw_document_symbols.pkl
INFO  2026-07-10 14:53:18,765 solidlsp.ls:_load_raw_document_symbols_cache:2997 - Loaded 300 entries from raw document symbols cache.
INFO  2026-07-10 14:53:18,765 solidlsp.ls:_load_document_symbols_cache:3027 - Loading document symbols cache from C:\Users\samar\OneDrive\Desktop\Faculty Appraisal Project\DirectorAppraisal\director-appraisal\.serena\cache\java\document_symbols.pkl
INFO  2026-07-10 14:53:18,799 solidlsp.ls:_load_document_symbols_cache:3032 - Loaded 300 entries from document symbols cache.
INFO  2026-07-10 14:53:18,801 solidlsp.language_servers.eclipse_jdtls:create_launch_command_env:886 - Using bundled JRE for JDTLS: C:\Users\samar\.serena\language_servers\static\EclipseJDTLS\vscode-java-1.54.0-923\extension\jre\21.0.10-win32-x86_64
INFO  2026-07-10 14:53:18,802 solidlsp.ls:start:3123 - Starting language server with language java for C:\Users\samar\OneDrive\Desktop\Faculty Appraisal Project\DirectorAppraisal\director-appraisal
INFO  2026-07-10 14:53:18,802 solidlsp.language_servers.eclipse_jdtls:_start_server:1360 - Starting EclipseJDTLS server process
INFO  2026-07-10 14:53:18,802 solidlsp.ls_process:_start:468 - Starting language server process via command: ['C:\\Users\\samar\\.serena\\language_servers\\static\\EclipseJDTLS\\vscode-java-1.54.0-923\\extension\\jre\\21.0.10-win32-x86_64\\bin\\java.exe', '--add-modules=ALL-SYSTEM', '--add-opens', 'java.base/java.util=ALL-UNNAMED', '--add-opens', 'java.base/java.lang=ALL-UNNAMED', '--add-opens', 'java.base/sun.nio.fs=ALL-UNNAMED', '-Declipse.application=org.eclipse.jdt.ls.core.id1', '-Dosgi.bundles.defaultStartLevel=4', '-Declipse.product=org.eclipse.jdt.ls.core.product', '-Djava.import.generatesMetadataFilesAtProjectRoot=false', '-Dfile.encoding=utf8', '-noverify', '-XX:+UseParallelGC', '-XX:GCTimeRatio=4', '-XX:AdaptiveSizePolicyWeight=90', '-Dsun.zip.disableMemoryMapping=true', '-Djava.lsp.joinOnCompletion=true', '-Xmx3G', '-Xms100m', '-Xlog:disable', '-Dlog.level=ALL', '-javaagent:C:\\Users\\samar\\.serena\\language_servers\\static\\EclipseJDTLS\\vscode-java-1.54.0-923\\extension\\lombok\\lombok-1.18.39-4050.jar', '-Djdt.core.sharedIndexLocation=C:\\Users\\samar\\.serena\\language_servers\\static\\lsp\\EclipseJDTLS\\sharedIndex', '-jar', 'C:\\Users\\samar\\.serena\\language_servers\\static\\EclipseJDTLS\\vscode-java-1.54.0-923\\extension\\server\\plugins\\org.eclipse.equinox.launcher_1.7.100.v20251111-0406.jar', '-configuration', 'C:\\Users\\samar\\.serena\\language_servers\\static\\EclipseJDTLS\\workspaces\\fc917fe6dba9677525869e21762e1176\\config_path', '-data', 'C:\\Users\\samar\\.serena\\language_servers\\static\\EclipseJDTLS\\workspaces\\fc917fe6dba9677525869e21762e1176\\data_dir']
INFO  2026-07-10 14:53:18,814 solidlsp.language_servers.eclipse_jdtls:_get_initialize_params:921 - Maven settings not found at default location (C:\Users\samar\.m2\settings.xml), will use JDTLS defaults
INFO  2026-07-10 14:53:18,815 solidlsp.language_servers.eclipse_jdtls:_get_initialize_params:940 - Using Gradle user home from default location: C:\Users\samar\.gradle
INFO  2026-07-10 14:53:18,815 solidlsp.language_servers.eclipse_jdtls:_get_initialize_params:960 - Gradle wrapper disabled (configurable via ls_specific_settings -> java -> gradle_wrapper_enabled)
INFO  2026-07-10 14:53:18,815 solidlsp.language_servers.eclipse_jdtls:_get_initialize_params:977 - Using bundled JRE for Gradle: C:\Users\samar\.serena\language_servers\static\EclipseJDTLS\vscode-java-1.54.0-923\extension\jre\21.0.10-win32-x86_64\bin\java.exe
INFO  2026-07-10 14:53:18,815 solidlsp.language_servers.eclipse_jdtls:_start_server:1364 - Sending initialize request from LSP client to LSP server and awaiting response
INFO  2026-07-10 14:53:18,863 solidlsp.ls_process:_read_ls_process_stderr:601 - OpenJDK 64-Bit Server VM warning: Options -Xverify:none and -noverify were deprecated in JDK 13 and will likely be removed in a future release.

INFO  2026-07-10 14:53:19,088 serena.cli:health_check:946 - SerenaAgent created successfully
INFO  2026-07-10 14:53:19,089 serena.cli:health_check:949 - Searching for analyzable files...
INFO  2026-07-10 14:53:19,157 serena.cli:health_check:958 - Found analyzable file: src\main\java\com\director_appraisal\director_appraisal\DirectorAppraisalApplication.java
INFO  2026-07-10 14:53:19,157 serena.cli:health_check:976 - Testing GetSymbolsOverviewTool on file: src\main\java\com\director_appraisal\director_appraisal\DirectorAppraisalApplication.java
INFO  2026-07-10 14:53:19,157 serena.task_executor:issue_task:192 - Scheduling Task-2:<lambda>
INFO  2026-07-10 14:53:19,654 solidlsp.ls_process:_read_ls_process_stderr:601 - Jul 10, 2026 2:53:19 PM org.apache.aries.spifly.BaseActivator log

INFO  2026-07-10 14:53:19,654 solidlsp.ls_process:_read_ls_process_stderr:601 - INFO: Registered provider ch.qos.logback.classic.spi.LogbackServiceProvider of service org.slf4j.spi.SLF4JServiceProvider in bundle ch.qos.logback.classic

INFO  2026-07-10 14:53:21,180 solidlsp.language_servers.eclipse_jdtls:window_log_message:1347 - LSP: window/logMessage: {'type': 2, 'message': '10-Jul-2026, 2:53:21\u202fpm The workspace exited with unsaved changes in the previous session; refreshing workspace to recover changes.'}
INFO  2026-07-10 14:53:21,187 solidlsp.language_servers.eclipse_jdtls:window_log_message:1347 - LSP: window/logMessage: {'type': 1, 'message': '10-Jul-2026, 2:53:21\u202fpm Unable to read variable and containers file\njava.io.EOFException\r\n\tat java.base/java.io.DataInputStream.readFully(Unknown Source)\r\n\tat java.base/java.io.DataInputStream.readInt(Unknown Source)\r\n\tat org.eclipse.jdt.internal.core.JavaModelManager.loadVariablesAndContainers(JavaModelManager.java:3669)\r\n\tat org.eclipse.jdt.internal.core.JavaModelManager.startup(JavaModelManager.java:5441)\r\n\tat org.eclipse.jdt.core.JavaCore.start(JavaCore.java:6716)\r\n\tat org.eclipse.osgi.internal.framework.BundleContextImpl$2.run(BundleContextImpl.java:838)\r\n\tat org.eclipse.osgi.internal.framework.BundleContextImpl$2.run(BundleContextImpl.java:1)\r\n\tat java.base/java.security.AccessController.doPrivileged(Unknown Source)\r\n\tat org.eclipse.osgi.internal.framework.BundleContextImpl.startActivator(BundleContextImpl.java:830)\r\n\tat org.eclipse.osgi.internal.framework.BundleContextImpl.start(BundleContextImpl.java:780)\r\n\tat org.eclipse.osgi.internal.framework.EquinoxBundle.startWorker0(EquinoxBundle.java:1082)\r\n\tat org.eclipse.osgi.internal.framework.EquinoxBundle$EquinoxModule.startWorker(EquinoxBundle.java:394)\r\n\tat org.eclipse.osgi.container.Module.doStart(Module.java:643)\r\n\tat org.eclipse.osgi.container.Module.start(Module.java:500)\r\n\tat org.eclipse.osgi.framework.util.SecureAction.start(SecureAction.java:528)\r\n\tat org.eclipse.osgi.internal.hooks.EclipseLazyStarter.postFindLocalClass(EclipseLazyStarter.java:122)\r\n\tat org.eclipse.osgi.internal.loader.classpath.ClasspathManager.findLocalClass(ClasspathManager.java:620)\r\n\tat org.eclipse.osgi.internal.loader.ModuleClassLoader.findLocalClass(ModuleClassLoader.java:353)\r\n\tat org.eclipse.osgi.internal.loader.BundleLoader.findLocalClass(BundleLoader.java:418)\r\n\tat org.eclipse.osgi.internal.loader.sources.SingleSourcePackage.loadClass(SingleSourcePackage.java:41)\r\n\tat org.eclipse.osgi.internal.loader.BundleLoader.findClass0(BundleLoader.java:523)\r\n\tat org.eclipse.osgi.internal.loader.BundleLoader.findClass(BundleLoader.java:439)\r\n\tat org.eclipse.osgi.internal.loader.ModuleClassLoader.loadClass(ModuleClassLoader.java:195)\r\n\tat java.base/java.lang.ClassLoader.loadClass(Unknown Source)\r\n\tat org.eclipse.jdt.ls.core.internal.preferences.PreferenceManager.initializeJavaCoreOptions(PreferenceManager.java:167)\r\n\tat org.eclipse.jdt.ls.core.internal.preferences.PreferenceManager.initialize(PreferenceManager.java:99)\r\n\tat org.eclipse.jdt.ls.core.internal.preferences.PreferenceManager.<init>(PreferenceManager.java:90)\r\n\tat org.eclipse.jdt.ls.core.internal.preferences.StandardPreferenceManager.<init>(StandardPreferenceManager.java:64)\r\n\tat org.eclipse.jdt.ls.core.internal.JavaLanguageServerPlugin.start(JavaLanguageServerPlugin.java:167)\r\n\tat org.eclipse.osgi.internal.framework.BundleContextImpl$2.run(BundleContextImpl.java:838)\r\n\tat org.eclipse.osgi.internal.framework.BundleContextImpl$2.run(BundleContextImpl.java:1)\r\n\tat java.base/java.security.AccessController.doPrivileged(Unknown Source)\r\n\tat org.eclipse.osgi.internal.framework.BundleContextImpl.startActivator(BundleContextImpl.java:830)\r\n\tat org.eclipse.osgi.internal.framework.BundleContextImpl.start(BundleContextImpl.java:780)\r\n\tat org.eclipse.osgi.internal.framework.EquinoxBundle.startWorker0(EquinoxBundle.java:1082)\r\n\tat org.eclipse.osgi.internal.framework.EquinoxBundle$EquinoxModule.startWorker(EquinoxBundle.java:394)\r\n\tat org.eclipse.osgi.container.Module.doStart(Module.java:643)\r\n\tat org.eclipse.osgi.container.Module.start(Module.java:500)\r\n\tat org.eclipse.osgi.container.ModuleContainer$ContainerStartLevel$2.run(ModuleContainer.java:2110)\r\n\tat org.eclipse.osgi.internal.framework.EquinoxContainerAdaptor$1$1.execute(EquinoxContainerAdaptor.java:146)\r\n\tat org.eclipse.osgi.container.ModuleContainer$ContainerStartLevel.incStartLevel(ModuleContainer.java:2101)\r\n\tat org.eclipse.osgi.container.ModuleContainer$ContainerStartLevel.incStartLevel(ModuleContainer.java:2043)\r\n\tat org.eclipse.osgi.container.ModuleContainer$ContainerStartLevel.doContainerStartLevel(ModuleContainer.java:2003)\r\n\tat org.eclipse.osgi.container.ModuleContainer$ContainerStartLevel.dispatchEvent(ModuleContainer.java:1915)\r\n\tat org.eclipse.osgi.container.ModuleContainer$ContainerStartLevel.dispatchEvent(ModuleContainer.java:1)\r\n\tat org.eclipse.osgi.framework.eventmgr.EventManager.dispatchEvent(EventManager.java:230)\r\n\tat org.eclipse.osgi.framework.eventmgr.EventManager$EventThread.run(EventManager.java:341)\r\n'}
INFO  2026-07-10 14:53:21,188 solidlsp.language_servers.eclipse_jdtls:window_log_message:1347 - LSP: window/logMessage: {'type': 3, 'message': '10-Jul-2026, 2:53:21\u202fpm class org.eclipse.jdt.ls.core.internal.JavaLanguageServerPlugin is started'}
INFO  2026-07-10 14:53:21,188 solidlsp.language_servers.eclipse_jdtls:window_log_message:1347 - LSP: window/logMessage: {'type': 3, 'message': '10-Jul-2026, 2:53:21\u202fpm Started org.eclipse.buildship.core 35ms'}
INFO  2026-07-10 14:53:21,188 solidlsp.language_servers.eclipse_jdtls:window_log_message:1347 - LSP: window/logMessage: {'type': 3, 'message': '10-Jul-2026, 2:53:21\u202fpm Started org.eclipse.m2e.core 0ms'}
INFO  2026-07-10 14:53:21,188 solidlsp.language_servers.eclipse_jdtls:window_log_message:1347 - LSP: window/logMessage: {'type': 3, 'message': '10-Jul-2026, 2:53:21\u202fpm ProjectRegistryRefreshJob finished 3ms'}
INFO  2026-07-10 14:53:21,192 solidlsp.language_servers.eclipse_jdtls:window_log_message:1347 - LSP: window/logMessage: {'type': 3, 'message': '10-Jul-2026, 2:53:21\u202fpm Main thread is waiting'}
INFO  2026-07-10 14:53:21,215 solidlsp.language_servers.eclipse_jdtls:window_log_message:1347 - LSP: window/logMessage: {'type': 3, 'message': '10-Jul-2026, 2:53:21\u202fpm >> initialize'}
INFO  2026-07-10 14:53:21,219 solidlsp.language_servers.eclipse_jdtls:window_log_message:1347 - LSP: window/logMessage: {'type': 3, 'message': '10-Jul-2026, 2:53:21\u202fpm Initializing JDT Language Server (Standard)\n\t- Version: 1.58.0-SNAPSHOT (OSGi 1.58.0.202604150653)\n\t- Git Commit: 7be965c - Update release date'}
INFO  2026-07-10 14:53:22,702 solidlsp.language_servers.eclipse_jdtls:window_log_message:1347 - LSP: window/logMessage: {'type': 3, 'message': '10-Jul-2026, 2:53:22\u202fpm Static Commands: []'}
INFO  2026-07-10 14:53:22,705 solidlsp.language_servers.eclipse_jdtls:window_log_message:1347 - LSP: window/logMessage: {'type': 3, 'message': '10-Jul-2026, 2:53:22\u202fpm Non-Static Commands: [java.project.import, java.project.changeImportedProjects, java.navigate.openTypeHierarchy, java.project.resolveStackTraceLocation, java.edit.handlePasteEvent, java.edit.stringFormatting, java.project.getSettings, java.project.resolveWorkspaceSymbol, java.project.upgradeGradle, java.project.createModuleInfo, java.vm.getAllInstalls, java.edit.organizeImports, java.project.refreshDiagnostics, java.project.removeFromSourcePath, java.project.listSourcePaths, java.project.updateSettings, java.project.getAll, java.reloadBundles, java.project.isTestFile, java.project.resolveText, java.project.getClasspaths, java.navigate.resolveTypeHierarchy, java.getTroubleshootingInfo, java.edit.smartSemicolonDetection, java.project.updateSourceAttachment, java.project.updateClassPaths, java.decompile, java.protobuf.generateSources, java.project.resolveSourceAttachment, java.project.updateJdk, java.project.addToSourcePath, java.completion.onDidSelect]'}
INFO  2026-07-10 14:53:22,706 solidlsp.language_servers.eclipse_jdtls:window_log_message:1347 - LSP: window/logMessage: {'type': 3, 'message': '10-Jul-2026, 2:53:22\u202fpm Static Commands: []'}
INFO  2026-07-10 14:53:22,708 solidlsp.language_servers.eclipse_jdtls:window_log_message:1347 - LSP: window/logMessage: {'type': 3, 'message': '10-Jul-2026, 2:53:22\u202fpm Non-Static Commands: [java.intellicode.enable]'}
INFO  2026-07-10 14:53:22,750 solidlsp.language_servers.eclipse_jdtls:window_log_message:1347 - LSP: window/logMessage: {'type': 3, 'message': '10-Jul-2026, 2:53:22\u202fpm >> initialized'}
INFO  2026-07-10 14:53:33,876 solidlsp.language_servers.eclipse_jdtls:lang_status_handler:1334 - Language status update: {'type': 'Starting', 'message': 'Init...'}
INFO  2026-07-10 14:53:33,876 solidlsp.language_servers.eclipse_jdtls:lang_status_handler:1334 - Language status update: {'type': 'Starting', 'message': '0% Starting Java Language Server'}
INFO  2026-07-10 14:53:33,881 solidlsp.language_servers.eclipse_jdtls:window_log_message:1347 - LSP: window/logMessage: {'type': 3, 'message': '10-Jul-2026, 2:53:33\u202fpm RepositoryRegistryUpdateJob finished 0ms'}
INFO  2026-07-10 14:53:33,906 solidlsp.language_servers.eclipse_jdtls:window_log_message:1347 - LSP: window/logMessage: {'type': 3, 'message': '10-Jul-2026, 2:53:33\u202fpm Importers: GradleProjectImporter, MavenProjectImporter, EclipseProjectImporter, InvisibleProjectImporter'}
INFO  2026-07-10 14:53:33,912 solidlsp.language_servers.eclipse_jdtls:window_log_message:1347 - LSP: window/logMessage: {'type': 3, 'message': '10-Jul-2026, 2:53:33\u202fpm Importing Maven project(s)'}
INFO  2026-07-10 14:53:33,973 solidlsp.language_servers.eclipse_jdtls:window_log_message:1347 - LSP: window/logMessage: {'type': 3, 'message': '10-Jul-2026, 2:53:33\u202fpm Progressive import: reporting 1 new project(s)'}
WARNING 2026-07-10 14:53:33,974 solidlsp.ls_process:_notification_handler:413 - Unhandled method 'language/eventNotification'
INFO  2026-07-10 14:53:33,975 solidlsp.language_servers.eclipse_jdtls:lang_status_handler:1334 - Language status update: {'type': 'ProjectStatus', 'message': 'OK'}
INFO  2026-07-10 14:53:33,975 solidlsp.language_servers.eclipse_jdtls:lang_status_handler:1334 - Language status update: {'type': 'Starting', 'message': "100% Starting Java Language Server - Refreshing '/director-appraisal'."}
INFO  2026-07-10 14:53:33,978 solidlsp.language_servers.eclipse_jdtls:window_log_message:1347 - LSP: window/logMessage: {'type': 3, 'message': '10-Jul-2026, 2:53:33\u202fpm Workspace initialized in 97ms'}
INFO  2026-07-10 14:53:33,978 solidlsp.language_servers.eclipse_jdtls:lang_status_handler:1334 - Language status update: {'type': 'Started', 'message': 'Ready'}
INFO  2026-07-10 14:53:33,980 solidlsp.language_servers.eclipse_jdtls:lang_status_handler:1334 - Language status update: {'type': 'Starting', 'message': "100% Starting Java Language Server - Refreshing '/director-appraisal'."}
INFO  2026-07-10 14:53:33,991 solidlsp.language_servers.eclipse_jdtls:window_log_message:1347 - LSP: window/logMessage: {'type': 3, 'message': '10-Jul-2026, 2:53:33\u202fpm >> initialization job finished'}
INFO  2026-07-10 14:53:34,000 solidlsp.language_servers.eclipse_jdtls:lang_status_handler:1334 - Language status update: {'type': 'ServiceReady', 'message': 'ServiceReady'}
INFO  2026-07-10 14:53:34,485 solidlsp.language_servers.eclipse_jdtls:_start_server:1394 - Service is ready
INFO  2026-07-10 14:53:34,485 solidlsp.language_servers.eclipse_jdtls:_start_server:1404 - Project is ready
INFO  2026-07-10 14:53:34,485 solidlsp.language_servers.eclipse_jdtls:_start_server:1406 - Startup complete
INFO  2026-07-10 14:53:34,485 sensai.util.logging:stop:336 - Language server startup (language=java) completed in 15.754 seconds
INFO  2026-07-10 14:53:34,486 serena.agent:stop:336 - Language server initialization completed in 15.755 seconds
INFO  2026-07-10 14:53:34,486 serena.task_executor:stop:336 - Task-1:init_language_server_manager completed in 15.755 seconds
INFO  2026-07-10 14:53:34,486 serena.task_executor:_process_task_queue:123 - Starting execution of Task-2:<lambda>
INFO  2026-07-10 14:53:34,490 serena.task_executor:start:329 - Task-2:<lambda> starting ...
INFO  2026-07-10 14:53:34,493 serena.task_executor:stop:336 - Task-2:<lambda> completed in 0.003 seconds
INFO  2026-07-10 14:53:34,493 serena.cli:health_check:978 - GetSymbolsOverviewTool returned: [{'name': 'com.director_appraisal.director_appraisal', 'kind': 'Package'}, {'name': 'DirectorAppraisalApplication', 'kind': 'Class'}]
INFO  2026-07-10 14:53:34,496 serena.cli:health_check:1001 - Using symbol for testing: DirectorAppraisalApplication (kind: Class)
INFO  2026-07-10 14:53:34,497 serena.cli:health_check:1004 - Testing FindSymbolTool for symbol: DirectorAppraisalApplication
INFO  2026-07-10 14:53:34,497 serena.task_executor:issue_task:192 - Scheduling Task-3:<lambda>
INFO  2026-07-10 14:53:34,594 serena.task_executor:_process_task_queue:123 - Starting execution of Task-3:<lambda>
INFO  2026-07-10 14:53:34,595 serena.task_executor:start:329 - Task-3:<lambda> starting ...
INFO  2026-07-10 14:53:34,596 serena.task_executor:stop:336 - Task-3:<lambda> completed in 0.001 seconds
INFO  2026-07-10 14:53:34,596 serena.cli:health_check:1009 - FindSymbolTool found 1 matches for symbol DirectorAppraisalApplication
INFO  2026-07-10 14:53:34,597 serena.cli:health_check:1012 - Testing FindReferencingSymbolsTool for symbol: DirectorAppraisalApplication
INFO  2026-07-10 14:53:34,597 serena.task_executor:issue_task:192 - Scheduling Task-4:<lambda>
INFO  2026-07-10 14:53:34,697 serena.task_executor:_process_task_queue:123 - Starting execution of Task-4:<lambda>
INFO  2026-07-10 14:53:34,698 serena.task_executor:start:329 - Task-4:<lambda> starting ...
INFO  2026-07-10 14:53:35,259 solidlsp.language_servers.eclipse_jdtls:window_log_message:1347 - LSP: window/logMessage: {'type': 3, 'message': '10-Jul-2026, 2:53:35\u202fpm Reconciled 1. Took 0 ms'}
INFO  2026-07-10 14:53:35,989 solidlsp.language_servers.eclipse_jdtls:window_log_message:1347 - LSP: window/logMessage: {'type': 3, 'message': '10-Jul-2026, 2:53:35\u202fpm begin problem for /DirectorAppraisalApplication.java'}
INFO  2026-07-10 14:53:35,990 solidlsp.language_servers.eclipse_jdtls:window_log_message:1347 - LSP: window/logMessage: {'type': 3, 'message': '10-Jul-2026, 2:53:35\u202fpm 0 problems reported for /DirectorAppraisalApplication.java'}
INFO  2026-07-10 14:53:35,998 solidlsp.language_servers.eclipse_jdtls:window_log_message:1347 - LSP: window/logMessage: {'type': 3, 'message': '10-Jul-2026, 2:53:35\u202fpm Validated 1. Took 133 ms'}
INFO  2026-07-10 14:53:41,428 serena.task_executor:stop:336 - Task-4:<lambda> completed in 6.730 seconds
INFO  2026-07-10 14:53:41,428 serena.cli:health_check:1016 - FindReferencingSymbolsTool found 1 references for symbol DirectorAppraisalApplication
INFO  2026-07-10 14:53:41,428 serena.cli:health_check:1022 - Testing SearchForPatternTool for pattern: DirectorAppraisalApplication
INFO  2026-07-10 14:53:41,428 serena.task_executor:issue_task:192 - Scheduling Task-5:<lambda>
INFO  2026-07-10 14:53:41,528 serena.task_executor:_process_task_queue:123 - Starting execution of Task-5:<lambda>
INFO  2026-07-10 14:53:41,529 serena.task_executor:start:329 - Task-5:<lambda> starting ...
INFO  2026-07-10 14:53:41,613 serena.util.text_utils:search_files:366 - Processing 300 files.
INFO  2026-07-10 14:53:41,709 serena.util.text_utils:search_files:408 - Found 3 total matches across 300 files
INFO  2026-07-10 14:53:41,709 serena.task_executor:stop:336 - Task-5:<lambda> completed in 0.180 seconds
INFO  2026-07-10 14:53:41,709 serena.cli:health_check:1029 - SearchForPatternTool found 3 pattern matches for DirectorAppraisalApplication
INFO  2026-07-10 14:53:41,709 serena.cli:health_check:1043 - Health check completed successfully
